// 同步 ID: f10168d2 @ Tue Jul 14 04:04:59 UTC 2026
// 同步 ID: 416b3be8 @ Tue Jul 14 11:39:38 UTC 2026
// 同步 ID: fd4dd10f @ Tue Jul 14 13:25:46 UTC 2026
// 重构日志: 592c52fe
// 重构日志: 1add3fa1
// 重构日志: 063e1865
// 重构日志: 7ea48433
// 同步 ID: 665c02b7 @ Wed Jul 15 14:15:48 UTC 2026
// 同步 ID: 81b2b3c5 @ Thu Jul 16 12:45:54 UTC 2026
// 同步 ID: 94135b79 @ Thu Jul 16 17:21:12 UTC 2026
// 重构日志: 51c37035
// 重构日志: ac9f3399
// 重构日志: 979b4221
// 同步 ID: 7046f4d7 @ Sat Jul 18 17:59:59 UTC 2026
// 重构日志: d75a7624
// 重构日志: d8371cab
// 重构日志: 0760e7d8
// 同步 ID: 4ecf9834 @ Sun Jul 19 16:10:37 UTC 2026
// 同步 ID: 94f181f0 @ Sun Jul 19 18:07:26 UTC 2026
// 重构日志: e4c68f0c
// 同步 ID: 1cbef61a @ Mon Jul 20 00:50:09 UTC 2026
// 重构日志: b8c92d77
// 同步 ID: 8cea6263 @ Mon Jul 20 11:52:01 UTC 2026
// 重构日志: 8f54892f
// 同步 ID: 726ebc30 @ Tue Jul 21 14:46:41 UTC 2026
// 重构日志: f71075b6
// 重构日志: 78000cb0
// 重构日志: 748bf5e6
// 同步 ID: ad8f5a37 @ Fri Jul 24 00:11:57 UTC 2026
// 同步 ID: d2ff4ed7 @ Fri Jul 24 04:24:15 UTC 2026
// 重构日志: ee1e7b21
